0 info it worked if it ends with ok
1 verbose cli [ 'node', '/usr/local/bin/npm', 'publish' ]
2 info using npm@2.10.1
3 info using node@v0.12.4
4 verbose node symlink /usr/local/bin/node
5 verbose publish [ '.' ]
6 silly cache add args [ '.', null ]
7 verbose cache add spec .
8 silly cache add parsed spec { raw: '.',
8 silly cache add   scope: null,
8 silly cache add   name: null,
8 silly cache add   rawSpec: '.',
8 silly cache add   spec: '/Users/dejakob/Projects/gulp-mobile-first',
8 silly cache add   type: 'directory' }
9 verbose addLocalDirectory /Users/dejakob/.npm/gulp-mobile-first/0.0.0/package.tgz not in flight; packing
10 verbose tar pack [ '/Users/dejakob/.npm/gulp-mobile-first/0.0.0/package.tgz',
10 verbose tar pack   '/Users/dejakob/Projects/gulp-mobile-first' ]
11 verbose tarball /Users/dejakob/.npm/gulp-mobile-first/0.0.0/package.tgz
12 verbose folder /Users/dejakob/Projects/gulp-mobile-first
13 info prepublish gulp-mobile-first@0.0.0
14 verbose addLocalTarball adding from inside cache /Users/dejakob/.npm/gulp-mobile-first/0.0.0/package.tgz
15 silly cache afterAdd gulp-mobile-first@0.0.0
16 verbose afterAdd /Users/dejakob/.npm/gulp-mobile-first/0.0.0/package/package.json not in flight; writing
17 verbose afterAdd /Users/dejakob/.npm/gulp-mobile-first/0.0.0/package/package.json written
18 silly publish { name: 'gulp-mobile-first',
18 silly publish   description: 'Gulp mobile first',
18 silly publish   version: '0.0.0',
18 silly publish   homepage: 'http://github.com/dejakob/gulp-mobile-first',
18 silly publish   repository:
18 silly publish    { type: 'git',
18 silly publish      url: 'git://github.com/dejakob/gulp-mobile-first.git' },
18 silly publish   author: { name: 'dejakob', url: 'http://dejakob.com/' },
18 silly publish   main: './index.js',
18 silly publish   dependencies:
18 silly publish    { 'gulp-less': '3.0.3',
18 silly publish      'gulp-minify': '0.0.5',
18 silly publish      'gulp-minify-css': '1.2.0',
18 silly publish      'gulp-util': '3.0.6',
18 silly publish      lodash: '3.10.0',
18 silly publish      through2: '2.0.0' },
18 silly publish   licenses: [ { type: 'MIT' } ],
18 silly publish   readme: '# gulp-mobile-first\n\n## What does it do\nThis gulp plugin is created to autocompile media queries. Perfect for bigger mobile first projects.\n\n## How to use\n\n```\nvar gulp_mobile = require(\'gulp_mobile\');\n```\n\n### Example folder structure of project\n- app\n  - home\n    - style\n      - home.less\n      - home.mobile.less\n      - home.desktop.less\n  - about\n    - style\n      - about.less\n      - about.mobile.less\n      - about.desktop.less\n      \n### Example gulpfile\n```\ngulp.src(\'input/**/*.less\')\n  .pipe(gulp_mobile())\n  .pipe(gulp.dest(\'output/all.less\'))\n  .pipe(gulp_less())\n  .pipe(gulp_minify({compatibility: \'ie8\'}))\n  .pipe(gulp.dest(\'output/all.css\'));\n```\n\n### Change width limit\nAdd `{mobile: <width>}` as option to the task\n',
18 silly publish   readmeFilename: 'README.md',
18 silly publish   gitHead: 'f605bb764f8959bb47a0850d11a70fff071ce9e2',
18 silly publish   bugs: { url: 'https://github.com/dejakob/gulp-mobile-first/issues' },
18 silly publish   _id: 'gulp-mobile-first@0.0.0',
18 silly publish   scripts: {},
18 silly publish   _shasum: '81178c61e304ce9860debc4eddd61a403e44f135',
18 silly publish   _from: '.' }
19 verbose getPublishConfig undefined
20 silly mapToRegistry name gulp-mobile-first
21 silly mapToRegistry using default registry
22 silly mapToRegistry registry https://registry.npmjs.org/
23 silly mapToRegistry uri https://registry.npmjs.org/gulp-mobile-first
24 verbose publish registryBase https://registry.npmjs.org/
25 silly publish uploading /Users/dejakob/.npm/gulp-mobile-first/0.0.0/package.tgz
26 verbose request uri https://registry.npmjs.org/gulp-mobile-first
27 verbose request sending authorization for write operation
28 info attempt registry request try #1 at 23:11:30
29 verbose request using bearer token for auth
30 verbose request id 6245db05157a6555
31 http request PUT https://registry.npmjs.org/gulp-mobile-first
32 http 403 https://registry.npmjs.org/gulp-mobile-first
33 verbose headers { 'content-type': 'application/json',
33 verbose headers   'cache-control': 'max-age=60',
33 verbose headers   'content-length': '95',
33 verbose headers   'accept-ranges': 'bytes',
33 verbose headers   date: 'Mon, 06 Jul 2015 21:11:32 GMT',
33 verbose headers   via: '1.1 varnish',
33 verbose headers   connection: 'keep-alive',
33 verbose headers   'x-served-by': 'cache-ams4135-AMS',
33 verbose headers   'x-cache': 'MISS',
33 verbose headers   'x-cache-hits': '0',
33 verbose headers   'x-timer': 'S1436217091.554021,VS0,VE680' }
34 verbose request invalidating /Users/dejakob/.npm/registry.npmjs.org/gulp-mobile-first on PUT
35 error publish Failed PUT 403
36 verbose stack Error: "You cannot publish over the previously published version 0.0.0." : gulp-mobile-first
36 verbose stack     at CachingRegistryClient.<anonymous> (/usr/local/lib/node_modules/npm/node_modules/npm-registry-client/lib/request.js:247:14)
36 verbose stack     at Request._callback (/usr/local/lib/node_modules/npm/node_modules/npm-registry-client/lib/request.js:170:14)
36 verbose stack     at Request.self.callback (/usr/local/lib/node_modules/npm/node_modules/request/request.js:368:22)
36 verbose stack     at Request.emit (events.js:110:17)
36 verbose stack     at Request.<anonymous> (/usr/local/lib/node_modules/npm/node_modules/request/request.js:1219:14)
36 verbose stack     at Request.emit (events.js:129:20)
36 verbose stack     at IncomingMessage.<anonymous> (/usr/local/lib/node_modules/npm/node_modules/request/request.js:1167:12)
36 verbose stack     at IncomingMessage.emit (events.js:129:20)
36 verbose stack     at _stream_readable.js:908:16
36 verbose stack     at process._tickCallback (node.js:355:11)
37 verbose statusCode 403
38 verbose pkgid gulp-mobile-first
39 verbose cwd /Users/dejakob/Projects/gulp-mobile-first
40 error Darwin 14.3.0
41 error argv "node" "/usr/local/bin/npm" "publish"
42 error node v0.12.4
43 error npm  v2.10.1
44 error code E403
45 error "You cannot publish over the previously published version 0.0.0." : gulp-mobile-first
46 error If you need help, you may report this error at:
46 error     <https://github.com/npm/npm/issues>
47 verbose exit [ 1, true ]
